<?xml version="1.0" encoding="UTF-8"?>
<testsuite xmlns:xsi="http://www.w3.org/2001/XMLSchema-instance" xsi:noNamespaceSchemaLocation="https://maven.apache.org/surefire/maven-surefire-plugin/xsd/surefire-test-report.xsd" name="runners.SmokeRunner" time="83.615" tests="67" errors="0" skipped="0" failures="0">
  <properties>
    <property name="gopherProxySet" value="false"/>
    <property name="awt.toolkit" value="sun.lwawt.macosx.LWCToolkit"/>
    <property name="file.encoding.pkg" value="sun.io"/>
    <property name="java.specification.version" value="1.8"/>
    <property name="sun.cpu.isalist" value=""/>
    <property name="sun.jnu.encoding" value="UTF-8"/>
    <property name="java.class.path" value="/Users/aizadaumarova/Downloads/Spring2021UI/target/test-classes:/Users/aizadaumarova/Downloads/Spring2021UI/target/classes:/Users/aizadaumarova/.m2/repository/junit/junit/4.12/junit-4.12.jar:/Users/aizadaumarova/.m2/repository/org/hamcrest/hamcrest-core/1.3/hamcrest-core-1.3.jar:/Users/aizadaumarova/.m2/repository/org/seleniumhq/selenium/selenium-java/3.141.59/selenium-java-3.141.59.jar:/Users/aizadaumarova/.m2/repository/org/seleniumhq/selenium/selenium-api/3.141.59/selenium-api-3.141.59.jar:/Users/aizadaumarova/.m2/repository/org/seleniumhq/selenium/selenium-chrome-driver/3.141.59/selenium-chrome-driver-3.141.59.jar:/Users/aizadaumarova/.m2/repository/org/seleniumhq/selenium/selenium-edge-driver/3.141.59/selenium-edge-driver-3.141.59.jar:/Users/aizadaumarova/.m2/repository/org/seleniumhq/selenium/selenium-firefox-driver/3.141.59/selenium-firefox-driver-3.141.59.jar:/Users/aizadaumarova/.m2/repository/org/seleniumhq/selenium/selenium-ie-driver/3.141.59/selenium-ie-driver-3.141.59.jar:/Users/aizadaumarova/.m2/repository/org/seleniumhq/selenium/selenium-opera-driver/3.141.59/selenium-opera-driver-3.141.59.jar:/Users/aizadaumarova/.m2/repository/org/seleniumhq/selenium/selenium-remote-driver/3.141.59/selenium-remote-driver-3.141.59.jar:/Users/aizadaumarova/.m2/repository/org/seleniumhq/selenium/selenium-safari-driver/3.141.59/selenium-safari-driver-3.141.59.jar:/Users/aizadaumarova/.m2/repository/org/seleniumhq/selenium/selenium-support/3.141.59/selenium-support-3.141.59.jar:/Users/aizadaumarova/.m2/repository/net/bytebuddy/byte-buddy/1.8.15/byte-buddy-1.8.15.jar:/Users/aizadaumarova/.m2/repository/org/apache/commons/commons-exec/1.3/commons-exec-1.3.jar:/Users/aizadaumarova/.m2/repository/com/google/guava/guava/25.0-jre/guava-25.0-jre.jar:/Users/aizadaumarova/.m2/repository/com/google/code/findbugs/jsr305/1.3.9/jsr305-1.3.9.jar:/Users/aizadaumarova/.m2/repository/org/checkerframework/checker-compat-qual/2.0.0/checker-compat-qual-2.0.0.jar:/Users/aizadaumarova/.m2/repository/com/google/errorprone/error_prone_annotations/2.1.3/error_prone_annotations-2.1.3.jar:/Users/aizadaumarova/.m2/repository/com/google/j2objc/j2objc-annotations/1.1/j2objc-annotations-1.1.jar:/Users/aizadaumarova/.m2/repository/org/codehaus/mojo/animal-sniffer-annotations/1.14/animal-sniffer-annotations-1.14.jar:/Users/aizadaumarova/.m2/repository/com/squareup/okhttp3/okhttp/3.11.0/okhttp-3.11.0.jar:/Users/aizadaumarova/.m2/repository/com/squareup/okio/okio/1.14.0/okio-1.14.0.jar:/Users/aizadaumarova/.m2/repository/io/github/bonigarcia/webdrivermanager/4.2.2/webdrivermanager-4.2.2.jar:/Users/aizadaumarova/.m2/repository/org/slf4j/slf4j-api/1.7.30/slf4j-api-1.7.30.jar:/Users/aizadaumarova/.m2/repository/commons-io/commons-io/2.8.0/commons-io-2.8.0.jar:/Users/aizadaumarova/.m2/repository/com/google/code/gson/gson/2.8.6/gson-2.8.6.jar:/Users/aizadaumarova/.m2/repository/org/apache/commons/commons-lang3/3.11/commons-lang3-3.11.jar:/Users/aizadaumarova/.m2/repository/org/apache/httpcomponents/client5/httpclient5/5.0.1/httpclient5-5.0.1.jar:/Users/aizadaumarova/.m2/repository/org/apache/httpcomponents/core5/httpcore5/5.0.1/httpcore5-5.0.1.jar:/Users/aizadaumarova/.m2/repository/org/apache/httpcomponents/core5/httpcore5-h2/5.0.1/httpcore5-h2-5.0.1.jar:/Users/aizadaumarova/.m2/repository/commons-codec/commons-codec/1.13/commons-codec-1.13.jar:/Users/aizadaumarova/.m2/repository/org/rauschig/jarchivelib/1.1.0/jarchivelib-1.1.0.jar:/Users/aizadaumarova/.m2/repository/org/apache/commons/commons-compress/1.20/commons-compress-1.20.jar:/Users/aizadaumarova/.m2/repository/org/jsoup/jsoup/1.13.1/jsoup-1.13.1.jar:/Users/aizadaumarova/.m2/repository/info/cukes/cucumber-java/1.2.5/cucumber-java-1.2.5.jar:/Users/aizadaumarova/.m2/repository/info/cukes/cucumber-junit/1.2.5/cucumber-junit-1.2.5.jar:/Users/aizadaumarova/.m2/repository/info/cukes/cucumber-core/1.2.5/cucumber-core-1.2.5.jar:/Users/aizadaumarova/.m2/repository/info/cukes/cucumber-html/0.2.3/cucumber-html-0.2.3.jar:/Users/aizadaumarova/.m2/repository/info/cukes/cucumber-jvm-deps/1.0.5/cucumber-jvm-deps-1.0.5.jar:/Users/aizadaumarova/.m2/repository/info/cukes/gherkin/2.12.2/gherkin-2.12.2.jar:/Users/aizadaumarova/.m2/repository/com/github/javafaker/javafaker/1.0.2/javafaker-1.0.2.jar:/Users/aizadaumarova/.m2/repository/org/yaml/snakeyaml/1.23/snakeyaml-1.23-android.jar:/Users/aizadaumarova/.m2/repository/com/github/mifmif/generex/1.0.2/generex-1.0.2.jar:/Users/aizadaumarova/.m2/repository/dk/brics/automaton/automaton/1.11-8/automaton-1.11-8.jar:/Users/aizadaumarova/.m2/repository/org/apache/logging/log4j/log4j-api/2.13.3/log4j-api-2.13.3.jar:/Users/aizadaumarova/.m2/repository/org/apache/logging/log4j/log4j-core/2.13.3/log4j-core-2.13.3.jar:"/>
    <property name="java.vm.vendor" value="Oracle Corporation"/>
    <property name="sun.arch.data.model" value="64"/>
    <property name="java.vendor.url" value="http://java.oracle.com/"/>
    <property name="user.timezone" value=""/>
    <property name="java.vm.specification.version" value="1.8"/>
    <property name="os.name" value="Mac OS X"/>
    <property name="user.country" value="US"/>
    <property name="sun.java.launcher" value="SUN_STANDARD"/>
    <property name="sun.boot.library.path" value="/Library/Java/JavaVirtualMachines/jdk1.8.0_291.jdk/Contents/Home/jre/lib"/>
    <property name="sun.java.command" value="/Users/aizadaumarova/Downloads/Spring2021UI/target/surefire/surefirebooter2736970384052004217.jar /Users/aizadaumarova/Downloads/Spring2021UI/target/surefire 2021-09-14T18-15-20_930-jvmRun1 surefire2878994722197862638tmp surefire_09187950507960744027tmp"/>
    <property name="http.nonProxyHosts" value="local|*.local|169.254/16|*.169.254/16"/>
    <property name="surefire.test.class.path" value="/Users/aizadaumarova/Downloads/Spring2021UI/target/test-classes:/Users/aizadaumarova/Downloads/Spring2021UI/target/classes:/Users/aizadaumarova/.m2/repository/junit/junit/4.12/junit-4.12.jar:/Users/aizadaumarova/.m2/repository/org/hamcrest/hamcrest-core/1.3/hamcrest-core-1.3.jar:/Users/aizadaumarova/.m2/repository/org/seleniumhq/selenium/selenium-java/3.141.59/selenium-java-3.141.59.jar:/Users/aizadaumarova/.m2/repository/org/seleniumhq/selenium/selenium-api/3.141.59/selenium-api-3.141.59.jar:/Users/aizadaumarova/.m2/repository/org/seleniumhq/selenium/selenium-chrome-driver/3.141.59/selenium-chrome-driver-3.141.59.jar:/Users/aizadaumarova/.m2/repository/org/seleniumhq/selenium/selenium-edge-driver/3.141.59/selenium-edge-driver-3.141.59.jar:/Users/aizadaumarova/.m2/repository/org/seleniumhq/selenium/selenium-firefox-driver/3.141.59/selenium-firefox-driver-3.141.59.jar:/Users/aizadaumarova/.m2/repository/org/seleniumhq/selenium/selenium-ie-driver/3.141.59/selenium-ie-driver-3.141.59.jar:/Users/aizadaumarova/.m2/repository/org/seleniumhq/selenium/selenium-opera-driver/3.141.59/selenium-opera-driver-3.141.59.jar:/Users/aizadaumarova/.m2/repository/org/seleniumhq/selenium/selenium-remote-driver/3.141.59/selenium-remote-driver-3.141.59.jar:/Users/aizadaumarova/.m2/repository/org/seleniumhq/selenium/selenium-safari-driver/3.141.59/selenium-safari-driver-3.141.59.jar:/Users/aizadaumarova/.m2/repository/org/seleniumhq/selenium/selenium-support/3.141.59/selenium-support-3.141.59.jar:/Users/aizadaumarova/.m2/repository/net/bytebuddy/byte-buddy/1.8.15/byte-buddy-1.8.15.jar:/Users/aizadaumarova/.m2/repository/org/apache/commons/commons-exec/1.3/commons-exec-1.3.jar:/Users/aizadaumarova/.m2/repository/com/google/guava/guava/25.0-jre/guava-25.0-jre.jar:/Users/aizadaumarova/.m2/repository/com/google/code/findbugs/jsr305/1.3.9/jsr305-1.3.9.jar:/Users/aizadaumarova/.m2/repository/org/checkerframework/checker-compat-qual/2.0.0/checker-compat-qual-2.0.0.jar:/Users/aizadaumarova/.m2/repository/com/google/errorprone/error_prone_annotations/2.1.3/error_prone_annotations-2.1.3.jar:/Users/aizadaumarova/.m2/repository/com/google/j2objc/j2objc-annotations/1.1/j2objc-annotations-1.1.jar:/Users/aizadaumarova/.m2/repository/org/codehaus/mojo/animal-sniffer-annotations/1.14/animal-sniffer-annotations-1.14.jar:/Users/aizadaumarova/.m2/repository/com/squareup/okhttp3/okhttp/3.11.0/okhttp-3.11.0.jar:/Users/aizadaumarova/.m2/repository/com/squareup/okio/okio/1.14.0/okio-1.14.0.jar:/Users/aizadaumarova/.m2/repository/io/github/bonigarcia/webdrivermanager/4.2.2/webdrivermanager-4.2.2.jar:/Users/aizadaumarova/.m2/repository/org/slf4j/slf4j-api/1.7.30/slf4j-api-1.7.30.jar:/Users/aizadaumarova/.m2/repository/commons-io/commons-io/2.8.0/commons-io-2.8.0.jar:/Users/aizadaumarova/.m2/repository/com/google/code/gson/gson/2.8.6/gson-2.8.6.jar:/Users/aizadaumarova/.m2/repository/org/apache/commons/commons-lang3/3.11/commons-lang3-3.11.jar:/Users/aizadaumarova/.m2/repository/org/apache/httpcomponents/client5/httpclient5/5.0.1/httpclient5-5.0.1.jar:/Users/aizadaumarova/.m2/repository/org/apache/httpcomponents/core5/httpcore5/5.0.1/httpcore5-5.0.1.jar:/Users/aizadaumarova/.m2/repository/org/apache/httpcomponents/core5/httpcore5-h2/5.0.1/httpcore5-h2-5.0.1.jar:/Users/aizadaumarova/.m2/repository/commons-codec/commons-codec/1.13/commons-codec-1.13.jar:/Users/aizadaumarova/.m2/repository/org/rauschig/jarchivelib/1.1.0/jarchivelib-1.1.0.jar:/Users/aizadaumarova/.m2/repository/org/apache/commons/commons-compress/1.20/commons-compress-1.20.jar:/Users/aizadaumarova/.m2/repository/org/jsoup/jsoup/1.13.1/jsoup-1.13.1.jar:/Users/aizadaumarova/.m2/repository/info/cukes/cucumber-java/1.2.5/cucumber-java-1.2.5.jar:/Users/aizadaumarova/.m2/repository/info/cukes/cucumber-junit/1.2.5/cucumber-junit-1.2.5.jar:/Users/aizadaumarova/.m2/repository/info/cukes/cucumber-core/1.2.5/cucumber-core-1.2.5.jar:/Users/aizadaumarova/.m2/repository/info/cukes/cucumber-html/0.2.3/cucumber-html-0.2.3.jar:/Users/aizadaumarova/.m2/repository/info/cukes/cucumber-jvm-deps/1.0.5/cucumber-jvm-deps-1.0.5.jar:/Users/aizadaumarova/.m2/repository/info/cukes/gherkin/2.12.2/gherkin-2.12.2.jar:/Users/aizadaumarova/.m2/repository/com/github/javafaker/javafaker/1.0.2/javafaker-1.0.2.jar:/Users/aizadaumarova/.m2/repository/org/yaml/snakeyaml/1.23/snakeyaml-1.23-android.jar:/Users/aizadaumarova/.m2/repository/com/github/mifmif/generex/1.0.2/generex-1.0.2.jar:/Users/aizadaumarova/.m2/repository/dk/brics/automaton/automaton/1.11-8/automaton-1.11-8.jar:/Users/aizadaumarova/.m2/repository/org/apache/logging/log4j/log4j-api/2.13.3/log4j-api-2.13.3.jar:/Users/aizadaumarova/.m2/repository/org/apache/logging/log4j/log4j-core/2.13.3/log4j-core-2.13.3.jar:"/>
    <property name="sun.cpu.endian" value="little"/>
    <property name="user.home" value="/Users/aizadaumarova"/>
    <property name="user.language" value="en"/>
    <property name="java.specification.vendor" value="Oracle Corporation"/>
    <property name="java.home" value="/Library/Java/JavaVirtualMachines/jdk1.8.0_291.jdk/Contents/Home/jre"/>
    <property name="basedir" value="/Users/aizadaumarova/Downloads/Spring2021UI"/>
    <property name="file.separator" value="/"/>
    <property name="line.separator" value="&#10;"/>
    <property name="java.vm.specification.vendor" value="Oracle Corporation"/>
    <property name="java.specification.name" value="Java Platform API Specification"/>
    <property name="java.awt.graphicsenv" value="sun.awt.CGraphicsEnvironment"/>
    <property name="surefire.real.class.path" value="/Users/aizadaumarova/Downloads/Spring2021UI/target/surefire/surefirebooter2736970384052004217.jar"/>
    <property name="sun.boot.class.path" value="/Library/Java/JavaVirtualMachines/jdk1.8.0_291.jdk/Contents/Home/jre/lib/resources.jar:/Library/Java/JavaVirtualMachines/jdk1.8.0_291.jdk/Contents/Home/jre/lib/rt.jar:/Library/Java/JavaVirtualMachines/jdk1.8.0_291.jdk/Contents/Home/jre/lib/sunrsasign.jar:/Library/Java/JavaVirtualMachines/jdk1.8.0_291.jdk/Contents/Home/jre/lib/jsse.jar:/Library/Java/JavaVirtualMachines/jdk1.8.0_291.jdk/Contents/Home/jre/lib/jce.jar:/Library/Java/JavaVirtualMachines/jdk1.8.0_291.jdk/Contents/Home/jre/lib/charsets.jar:/Library/Java/JavaVirtualMachines/jdk1.8.0_291.jdk/Contents/Home/jre/lib/jfr.jar:/Library/Java/JavaVirtualMachines/jdk1.8.0_291.jdk/Contents/Home/jre/classes"/>
    <property name="sun.management.compiler" value="HotSpot 64-Bit Tiered Compilers"/>
    <property name="ftp.nonProxyHosts" value="local|*.local|169.254/16|*.169.254/16"/>
    <property name="java.runtime.version" value="1.8.0_291-b10"/>
    <property name="user.name" value="aizadaumarova"/>
    <property name="path.separator" value=":"/>
    <property name="os.version" value="10.16"/>
    <property name="java.endorsed.dirs" value="/Library/Java/JavaVirtualMachines/jdk1.8.0_291.jdk/Contents/Home/jre/lib/endorsed"/>
    <property name="java.runtime.name" value="Java(TM) SE Runtime Environment"/>
    <property name="file.encoding" value="UTF-8"/>
    <property name="java.vm.name" value="Java HotSpot(TM) 64-Bit Server VM"/>
    <property name="localRepository" value="/Users/aizadaumarova/.m2/repository"/>
    <property name="java.vendor.url.bug" value="http://bugreport.sun.com/bugreport/"/>
    <property name="java.io.tmpdir" value="/var/folders/gt/hqt8vzcn6k3bsy1hg9blz4d80000gn/T/"/>
    <property name="idea.version" value="2021.1.1"/>
    <property name="java.version" value="1.8.0_291"/>
    <property name="user.dir" value="/Users/aizadaumarova/Downloads/Spring2021UI"/>
    <property name="os.arch" value="x86_64"/>
    <property name="java.vm.specification.name" value="Java Virtual Machine Specification"/>
    <property name="java.awt.printerjob" value="sun.lwawt.macosx.CPrinterJob"/>
    <property name="sun.os.patch.level" value="unknown"/>
    <property name="java.library.path" value="/Users/aizadaumarova/Library/Java/Extensions:/Library/Java/Extensions:/Network/Library/Java/Extensions:/System/Library/Java/Extensions:/usr/lib/java:."/>
    <property name="java.vm.info" value="mixed mode"/>
    <property name="java.vendor" value="Oracle Corporation"/>
    <property name="java.vm.version" value="25.291-b10"/>
    <property name="java.ext.dirs" value="/Users/aizadaumarova/Library/Java/Extensions:/Library/Java/JavaVirtualMachines/jdk1.8.0_291.jdk/Contents/Home/jre/lib/ext:/Library/Java/Extensions:/Network/Library/Java/Extensions:/System/Library/Java/Extensions:/usr/lib/java"/>
    <property name="sun.io.unicode.encoding" value="UnicodeBig"/>
    <property name="java.class.version" value="52.0"/>
    <property name="socksNonProxyHosts" value="local|*.local|169.254/16|*.169.254/16"/>
  </properties>
  <testcase name="Given User navigates to Digital Bank login page" classname="Scenario: As a user, I want to be able to view all details of my account home page" time="0.008"/>
  <testcase name="And User logs in with following credentials" classname="Scenario: As a user, I want to be able to view all details of my account home page" time="0"/>
  <testcase name="When User should successfully be logged in to home page" classname="Scenario: As a user, I want to be able to view all details of my account home page" time="0"/>
  <testcase name="Then Verify that &quot;Welcome QA&quot; welcoming message is displayed" classname="Scenario: As a user, I want to be able to view all details of my account home page" time="0.001"/>
  <testcase name="Then Verify that home page panel with account info is displayed" classname="Scenario: As a user, I want to be able to view all details of my account home page" time="0"/>
  <testcase name="Scenario: As a user, I want to be able to view all details of my account home page" classname="Scenario: As a user, I want to be able to view all details of my account home page" time="1.705"/>
  <testcase name="Given User navigates to Digital Bank login page" classname="Scenario: As a user, I want to successfully login with valid credentials" time="0.004"/>
  <testcase name="When User logs in with following credentials" classname="Scenario: As a user, I want to successfully login with valid credentials" time="0"/>
  <testcase name="Then User should successfully be logged in to home page" classname="Scenario: As a user, I want to successfully login with valid credentials" time="0"/>
  <testcase name="Scenario: As a user, I want to successfully login with valid credentials" classname="Scenario: As a user, I want to successfully login with valid credentials" time="1.397"/>
  <testcase name="Given User navigates to Digital Bank login page" classname="Scenario: Submitting deposit without account" time="0"/>
  <testcase name="And Verify that web title is &quot;Digital Bank&quot;" classname="Scenario: Submitting deposit without account" time="0"/>
  <testcase name="When User logs in with &quot;qa6@gmail.com&quot; and &quot;Passwordvalid45&quot;" classname="Scenario: Submitting deposit without account" time="0.001"/>
  <testcase name="Then User successfully logged in to home page" classname="Scenario: Submitting deposit without account" time="0"/>
  <testcase name="Given User navigates to Deposit page" classname="Scenario: Submitting deposit without account" time="0"/>
  <testcase name="When User submits a deposit with the following info" classname="Scenario: Submitting deposit without account" time="0"/>
  <testcase name="Then Verify field error message &quot;Please select an item in the list.&quot; is displayed" classname="Scenario: Submitting deposit without account" time="0"/>
  <testcase name="Scenario: Submitting deposit without account" classname="Scenario: Submitting deposit without account" time="1.13"/>
  <testcase name="Given User navigates to Digital Bank login page" classname="Scenario: Submitting deposit without deposit" time="0.001"/>
  <testcase name="And Verify that web title is &quot;Digital Bank&quot;" classname="Scenario: Submitting deposit without deposit" time="0"/>
  <testcase name="When User logs in with &quot;qa6@gmail.com&quot; and &quot;Passwordvalid45&quot;" classname="Scenario: Submitting deposit without deposit" time="0"/>
  <testcase name="Then User successfully logged in to home page" classname="Scenario: Submitting deposit without deposit" time="0"/>
  <testcase name="Given User navigates to Deposit page" classname="Scenario: Submitting deposit without deposit" time="0"/>
  <testcase name="When User submits a deposit with the following info" classname="Scenario: Submitting deposit without deposit" time="0"/>
  <testcase name="Then Verify field error message &quot;Please fill out this field.&quot; is displayed" classname="Scenario: Submitting deposit without deposit" time="0"/>
  <testcase name="Scenario: Submitting deposit without deposit" classname="Scenario: Submitting deposit without deposit" time="1.053"/>
  <testcase name="Given User navigates to Digital Bank login page" classname="Scenario: Submitting deposit with zero deposit amount" time="0"/>
  <testcase name="And Verify that web title is &quot;Digital Bank&quot;" classname="Scenario: Submitting deposit with zero deposit amount" time="0"/>
  <testcase name="When User logs in with &quot;qa6@gmail.com&quot; and &quot;Passwordvalid45&quot;" classname="Scenario: Submitting deposit with zero deposit amount" time="0"/>
  <testcase name="Then User successfully logged in to home page" classname="Scenario: Submitting deposit with zero deposit amount" time="0"/>
  <testcase name="Given User navigates to Deposit page" classname="Scenario: Submitting deposit with zero deposit amount" time="0"/>
  <testcase name="When User submits a deposit with the following info" classname="Scenario: Submitting deposit with zero deposit amount" time="0"/>
  <testcase name="Then Verify alert error message &quot;Error The deposit amount ($0.00) must be greater than $0.00&quot; is displayed" classname="Scenario: Submitting deposit with zero deposit amount" time="0"/>
  <testcase name="Scenario: Submitting deposit with zero deposit amount" classname="Scenario: Submitting deposit with zero deposit amount" time="1.595"/>
  <testcase name="Given User navigates to Digital Bank login page" classname="Scenario: Submitting withdraw without account" time="0"/>
  <testcase name="And Verify that web title is &quot;Digital Bank&quot;" classname="Scenario: Submitting withdraw without account" time="0"/>
  <testcase name="When User logs in with &quot;qa6@gmail.com&quot; and &quot;Passwordvalid45&quot;" classname="Scenario: Submitting withdraw without account" time="0"/>
  <testcase name="Then User successfully logged in to home page" classname="Scenario: Submitting withdraw without account" time="0"/>
  <testcase name="Given User navigates to Withdraw page" classname="Scenario: Submitting withdraw without account" time="0.001"/>
  <testcase name="When User User submits a withdraw with following information" classname="Scenario: Submitting withdraw without account" time="0"/>
  <testcase name="Then Verify field error message &quot;Please select an item in the list.&quot; is displayed" classname="Scenario: Submitting withdraw without account" time="0"/>
  <testcase name="Scenario: Submitting withdraw without account" classname="Scenario: Submitting withdraw without account" time="1.271"/>
  <testcase name="Given User navigates to Digital Bank login page" classname="Scenario: Submitting withdraw without deposit" time="0"/>
  <testcase name="And Verify that web title is &quot;Digital Bank&quot;" classname="Scenario: Submitting withdraw without deposit" time="0"/>
  <testcase name="When User logs in with &quot;qa6@gmail.com&quot; and &quot;Passwordvalid45&quot;" classname="Scenario: Submitting withdraw without deposit" time="0"/>
  <testcase name="Then User successfully logged in to home page" classname="Scenario: Submitting withdraw without deposit" time="0"/>
  <testcase name="Given User navigates to Withdraw page" classname="Scenario: Submitting withdraw without deposit" time="0"/>
  <testcase name="When User User submits a withdraw with following information" classname="Scenario: Submitting withdraw without deposit" time="0"/>
  <testcase name="Then Verify field error message &quot;Please fill out this field.&quot; is displayed" classname="Scenario: Submitting withdraw without deposit" time="0"/>
  <testcase name="Scenario: Submitting withdraw without deposit" classname="Scenario: Submitting withdraw without deposit" time="1.241"/>
  <testcase name="Given User navigates to Digital Bank login page" classname="Scenario: Submitting withdraw with zero deposit amount" time="0"/>
  <testcase name="And Verify that web title is &quot;Digital Bank&quot;" classname="Scenario: Submitting withdraw with zero deposit amount" time="0"/>
  <testcase name="When User logs in with &quot;qa6@gmail.com&quot; and &quot;Passwordvalid45&quot;" classname="Scenario: Submitting withdraw with zero deposit amount" time="0"/>
  <testcase name="Then User successfully logged in to home page" classname="Scenario: Submitting withdraw with zero deposit amount" time="0"/>
  <testcase name="Given User navigates to Withdraw page" classname="Scenario: Submitting withdraw with zero deposit amount" time="0"/>
  <testcase name="When User User submits a withdraw with following information" classname="Scenario: Submitting withdraw with zero deposit amount" time="0"/>
  <testcase name="Then Verify alert error message &quot;Error The withdraw amount ($0.00) must be greater than $0.00&quot; is displayed" classname="Scenario: Submitting withdraw with zero deposit amount" time="0"/>
  <testcase name="Scenario: Submitting withdraw with zero deposit amount" classname="Scenario: Submitting withdraw with zero deposit amount" time="1.135"/>
  <testcase name="Given User navigates to Digital Bank login page" classname="Scenario: Submitting valid withdraw" time="0"/>
  <testcase name="And Verify that web title is &quot;Digital Bank&quot;" classname="Scenario: Submitting valid withdraw" time="0"/>
  <testcase name="When User logs in with &quot;qa6@gmail.com&quot; and &quot;Passwordvalid45&quot;" classname="Scenario: Submitting valid withdraw" time="0"/>
  <testcase name="Then User successfully logged in to home page" classname="Scenario: Submitting valid withdraw" time="0"/>
  <testcase name="Given User navigates to Withdraw page" classname="Scenario: Submitting valid withdraw" time="0"/>
  <testcase name="And User selects withdraw account as &quot;Money Market (Standard Checking)&quot;" classname="Scenario: Submitting valid withdraw" time="0"/>
  <testcase name="When User submits a withdraw with &quot;20&quot; amount" classname="Scenario: Submitting valid withdraw" time="0"/>
  <testcase name="Then Verify that withdraw amount has been applied" classname="Scenario: Submitting valid withdraw" time="0"/>
  <testcase name="Scenario: Submitting valid withdraw" classname="Scenario: Submitting valid withdraw" time="1.213"/>
</testsuite>